<?xml version="1.0" encoding="UTF-8"?>
<!-- Generated by org.testng.reporters.JUnitReportReporter -->
<testsuite hostname="LAPTOP-VNUSMERF" failures="0" tests="1" name="testCases.ImportContactsPageTestCases" time="15.398" errors="0" timestamp="2025-03-21T09:40:26 IST" skipped="0">
  <testcase classname="testCases.ImportContactsPageTestCases" name="VerifyTheFileImportFuncationslity" time="15.398"/>
</testsuite> <!-- testCases.ImportContactsPageTestCases -->
