<?xml version="1.0" encoding="UTF-8"?>
<!-- Generated by org.testng.reporters.JUnitReportReporter -->
<testsuite hostname="LAPTOP-VNUSMERF" failures="0" tests="2" name="testCases.LogInPageTestCases" time="9.567" errors="0" timestamp="2025-03-22T01:00:13 IST" skipped="0">
  <testcase classname="testCases.LogInPageTestCases" name="verifyTheExactPageIsOpenedWhileHittingTheURL" time="2.961"/>
  <testcase classname="testCases.LogInPageTestCases" name="verifySuccessfulLogIn" time="6.606"/>
</testsuite> <!-- testCases.LogInPageTestCases -->
