<?xml version="1.0" encoding="UTF-8"?>
<!-- Generated by org.testng.reporters.JUnitReportReporter -->
<testsuite hostname="LAPTOP-VNUSMERF" failures="0" tests="1" name="testCases.HomePageTestCases" time="9.154" errors="0" timestamp="2025-03-22T01:00:13 IST" skipped="0">
  <testcase classname="testCases.HomePageTestCases" name="verifySignOut" time="9.154"/>
</testsuite> <!-- testCases.HomePageTestCases -->
