<?xml version="1.0" encoding="UTF-8"?>
<!-- Generated by org.testng.reporters.JUnitReportReporter -->
<testsuite hostname="LAPTOP-VNUSMERF" failures="0" tests="5" name="testCases.UsersPageTestCases" time="82.551" errors="0" timestamp="2025-03-21T09:43:09 IST" skipped="0">
  <testcase classname="testCases.UsersPageTestCases" name="verifyTheRoleSelectedByDefaultIsAdminWhileAddingAUser" time="11.971"/>
  <testcase classname="testCases.UsersPageTestCases" name="verifyAddUsersFunctionality" time="16.698"/>
  <testcase classname="testCases.UsersPageTestCases" name="verifyTheColumnHeadingsOfAllUsersTable" time="11.662"/>
  <testcase classname="testCases.UsersPageTestCases" name="verifyDeleteUsersFunctionality" time="18.184"/>
  <testcase classname="testCases.UsersPageTestCases" name="verifyEditUsersFunctionality" time="24.036"/>
</testsuite> <!-- testCases.UsersPageTestCases -->
