<?xml version="1.0" encoding="UTF-8"?>
<!-- Generated by org.testng.reporters.JUnitReportReporter -->
<testsuite hostname="LAPTOP-VNUSMERF" failures="0" tests="2" name="testCases.ListProductPageTestCases" time="15.749" errors="0" timestamp="2025-03-22T13:17:41 IST" skipped="0">
  <testcase classname="testCases.ListProductPageTestCases" name="verifyTheProductTypeDropDownBoxIsNotMultiple" time="7.845"/>
  <testcase classname="testCases.ListProductPageTestCases" name="verifyTheOptionsPresentInProductTypeDropDownBox" time="7.904"/>
</testsuite> <!-- testCases.ListProductPageTestCases -->
