<?xml version="1.0" encoding="UTF-8"?>
<!-- Generated by org.testng.reporters.JUnitReportReporter -->
<testsuite hostname="LAPTOP-VNUSMERF" failures="0" tests="3" name="testCases.HomePageTestCases" time="23.971" errors="0" timestamp="2025-03-22T13:17:41 IST" skipped="0">
  <testcase classname="testCases.HomePageTestCases" name="verifyTheCurrentDateDisplayedOnHomePage" time="9.050"/>
  <testcase classname="testCases.HomePageTestCases" name="verifySignOut" time="9.649"/>
  <testcase classname="testCases.HomePageTestCases" name="verifyTheToolTipOnViewTodaysProfitIcon" time="5.272"/>
</testsuite> <!-- testCases.HomePageTestCases -->
